<?xml version="1.0" encoding="UTF-8"?>
<testng-results ignored="0" total="1" passed="1" failed="0" skipped="0">
  <reporter-output>
  </reporter-output>
  <suite started-at="2023-07-27T16:53:16Z" name="Default suite" finished-at="2023-07-27T16:53:18Z" duration-ms="2343">
    <groups>
    </groups>
    <test started-at="2023-07-27T16:53:16Z" name="Default test" finished-at="2023-07-27T16:53:18Z" duration-ms="2343">
      <class name="API.Phase3Project">
        <test-method signature="Test1()[pri:0, instance:API.Phase3Project@5b67bb7e]" started-at="2023-07-27T16:53:16Z" name="Test1" finished-at="2023-07-27T16:53:18Z" duration-ms="2324" status="PASS">
          <reporter-output>
          </reporter-output>
        </test-method> <!-- Test1 -->
      </class> <!-- API.Phase3Project -->
    </test> <!-- Default test -->
  </suite> <!-- Default suite -->
</testng-results>
